0 info it worked if it ends with ok
1 verbose cli [ 'C:\\Program Files\\nodejs\\node.exe',
1 verbose cli   'C:\\Program Files\\nodejs\\node_modules\\npm\\bin\\npm-cli.js',
1 verbose cli   'run',
1 verbose cli   'start',
1 verbose cli   '--scripts-prepend-node-path=auto' ]
2 info using npm@3.10.10
3 info using node@v6.11.2
4 verbose run-script [ 'prestart', 'start', 'poststart' ]
5 info lifecycle vue-test@1.0.0~prestart: vue-test@1.0.0
6 silly lifecycle vue-test@1.0.0~prestart: no script for prestart, continuing
7 info lifecycle vue-test@1.0.0~start: vue-test@1.0.0
8 verbose lifecycle vue-test@1.0.0~start: unsafe-perm in lifecycle true
9 verbose lifecycle vue-test@1.0.0~start: PATH: C:\Program Files\nodejs\node_modules\npm\bin\node-gyp-bin;D:\web\MyLibs\sorting\node_modules\.bin;C:\ProgramData\Oracle\Java\javapath;C:\Windows\system32;C:\Windows;C:\Windows\System32\Wbem;C:\Windows\System32\WindowsPowerShell\v1.0\;C:\Program Files (x86)\Common Files\Acronis\SnapAPI\;D:\program\Kaspersky Endpoint Security 10\;C:\Program Files\Git\cmd;C:\Program Files\nodejs\;C:\Program Files (x86)\Skype\Phone\;%MAVEN_HOME%\bin;C:\Users\Nikolay\AppData\Local\Microsoft\WindowsApps;C:\Users\Nikolay\AppData\Roaming\npm
10 verbose lifecycle vue-test@1.0.0~start: CWD: D:\web\MyLibs\sorting
11 silly lifecycle vue-test@1.0.0~start: Args: [ '/d /s /c', 'webpack-dev-server --port 3000 --inline --hot' ]
12 silly lifecycle vue-test@1.0.0~start: Returned: code: 1  signal: null
13 info lifecycle vue-test@1.0.0~start: Failed to exec start script
14 verbose stack Error: vue-test@1.0.0 start: `webpack-dev-server --port 3000 --inline --hot`
14 verbose stack Exit status 1
14 verbose stack     at EventEmitter.<anonymous> (C:\Program Files\nodejs\node_modules\npm\lib\utils\lifecycle.js:255:16)
14 verbose stack     at emitTwo (events.js:106:13)
14 verbose stack     at EventEmitter.emit (events.js:191:7)
14 verbose stack     at ChildProcess.<anonymous> (C:\Program Files\nodejs\node_modules\npm\lib\utils\spawn.js:40:14)
14 verbose stack     at emitTwo (events.js:106:13)
14 verbose stack     at ChildProcess.emit (events.js:191:7)
14 verbose stack     at maybeClose (internal/child_process.js:891:16)
14 verbose stack     at Process.ChildProcess._handle.onexit (internal/child_process.js:226:5)
15 verbose pkgid vue-test@1.0.0
16 verbose cwd D:\web\MyLibs\sorting
17 error Windows_NT 10.0.15063
18 error argv "C:\\Program Files\\nodejs\\node.exe" "C:\\Program Files\\nodejs\\node_modules\\npm\\bin\\npm-cli.js" "run" "start" "--scripts-prepend-node-path=auto"
19 error node v6.11.2
20 error npm  v3.10.10
21 error code ELIFECYCLE
22 error vue-test@1.0.0 start: `webpack-dev-server --port 3000 --inline --hot`
22 error Exit status 1
23 error Failed at the vue-test@1.0.0 start script 'webpack-dev-server --port 3000 --inline --hot'.
23 error Make sure you have the latest version of node.js and npm installed.
23 error If you do, this is most likely a problem with the vue-test package,
23 error not with npm itself.
23 error Tell the author that this fails on your system:
23 error     webpack-dev-server --port 3000 --inline --hot
23 error You can get information on how to open an issue for this project with:
23 error     npm bugs vue-test
23 error Or if that isn't available, you can get their info via:
23 error     npm owner ls vue-test
23 error There is likely additional logging output above.
24 verbose exit [ 1, true ]
